#
# A fatal error has been detected by the Java Runtime Environment:
#
#  EXCEPTION_ACCESS_VIOLATION (0xc0000005) at pc=0x000000006cf4d3a3, pid=4456, tid=8252
#
# JRE version: Java(TM) SE Runtime Environment (7.0_67-b01) (build 1.7.0_67-b01)
# Java VM: Java HotSpot(TM) 64-Bit Server VM (24.65-b04 mixed mode windows-amd64 compressed oops)
# Problematic frame:
# C  [nvoglv64.DLL+0xa6d3a3]
#
# Failed to write core dump. Minidumps are not enabled by default on client versions of Windows
#
# If you would like to submit a bug report, please visit:
#   http://bugreport.sun.com/bugreport/crash.jsp
# The crash happened outside the Java Virtual Machine in native code.
# See problematic frame for where to report the bug.
#

---------------  T H R E A D  ---------------

Current thread (0x000000001746d800):  JavaThread "AWT-EventQueue-0" [_thread_in_native, id=8252, stack(0x0000000019b40000,0x0000000019c40000)]

siginfo: ExceptionCode=0xc0000005, reading address 0x00000007e5600000

Registers:
RAX=0xffffffffffab2100, RBX=0x00000007e55fffec, RCX=0x000000000000cc20, RDX=0x00000007e53e28ec
RSP=0x0000000019c3da40, RBP=0x000000000000003c, RSI=0x000000001e26d700, RDI=0x0000000000000000
R8 =0x000000000054df3c, R9 =0x000000006cf6a9b0, R10=0x0000000000000000, R11=0x0000000000000286
R12=0x0000000000000000, R13=0x000000001ba50000, R14=0x000000000054df3c, R15=0x00000007e53e28ec
RIP=0x000000006cf4d3a3, EFLAGS=0x0000000000010202

Top of Stack: (sp=0x0000000019c3da40)
0x0000000019c3da40:   0000000000008892 0000000002a5d690
0x0000000019c3da50:   0000000002b59e00 0000000000000037
0x0000000019c3da60:   000000001acbbfd0 000000006ce8fcc3
0x0000000019c3da70:   0000000000000000 000000001bed7de0
0x0000000019c3da80:   000000001ba50000 000007fef8dd8bb5
0x0000000019c3da90:   000000001bed7ed8 000000006ce8e7f2
0x0000000019c3daa0:   0000000000000000 00000007e53e28ec
0x0000000019c3dab0:   0000000000000000 0000000000000000
0x0000000019c3dac0:   0000000000cce0b0 000000001acbbfd0
0x0000000019c3dad0:   000000000054df3c 0000000000000000
0x0000000019c3dae0:   00000000000088e4 00000007e53e28ec
0x0000000019c3daf0:   0000000000000000 000000001ba50000
0x0000000019c3db00:   000000000054df3c 000000000054df3c
0x0000000019c3db10:   000000001bed7de0 000000006ce92a14
0x0000000019c3db20:   000000001bed7de0 000000000054df00
0x0000000019c3db30:   0000000000000000 000000000054df3c 

Instructions: (pc=0x000000006cf4d3a3)
0x000000006cf4d383:   8b c3 a8 0f 74 7d 48 83 fd 40 72 3d 48 8b cd 48
0x000000006cf4d393:   c1 e9 06 48 6b c1 c0 48 03 e8 0f 1f 00 0f 10 03
0x000000006cf4d3a3:   0f 10 5b 10 0f 10 53 20 48 83 c6 40 0f 10 4b 30
0x000000006cf4d3b3:   0f 2b 46 c0 0f 2b 5e d0 0f 2b 56 e0 48 83 c3 40 


Register to memory mapping:

RAX=0xffffffffffab2100 is an unknown value
RBX=0x00000007e55fffec is an unknown value
RCX=0x000000000000cc20 is an unknown value
RDX=0x00000007e53e28ec is an unknown value
RSP=0x0000000019c3da40 is pointing into the stack for thread: 0x000000001746d800
RBP=0x000000000000003c is an unknown value
RSI=0x000000001e26d700 is an unknown value
RDI=0x0000000000000000 is an unknown value
R8 =0x000000000054df3c is an unknown value
R9 =0x000000006cf6a9b0 is an unknown value
R10=0x0000000000000000 is an unknown value
R11=0x0000000000000286 is an unknown value
R12=0x0000000000000000 is an unknown value
R13=0x000000001ba50000 is pointing into the stack for thread: 0x00000000179d8000
R14=0x000000000054df3c is an unknown value
R15=0x00000007e53e28ec is an unknown value


Stack: [0x0000000019b40000,0x0000000019c40000],  sp=0x0000000019c3da40,  free space=1014k
Native frames: (J=compiled Java code, j=interpreted, Vv=VM code, C=native code)
C  [nvoglv64.DLL+0xa6d3a3]

Java frames: (J=compiled Java code, j=interpreted, Vv=VM code)
j  jogamp.opengl.gl4.GL4bcImpl.dispatch_glBufferData(IJLjava/lang/Object;IZIJ)V+0
j  jogamp.opengl.gl4.GL4bcImpl.access$000(Ljogamp/opengl/gl4/GL4bcImpl;IJLjava/lang/Object;IZIJ)V+13
j  jogamp.opengl.gl4.GL4bcImpl$1.create(IJLjava/nio/Buffer;IJ)V+52
j  jogamp.opengl.GLBufferObjectTracker.createBufferStorage(Ljogamp/opengl/GLBufferStateTracker;Ljavax/media/opengl/GL;IJLjava/nio/Buffer;IILjogamp/opengl/GLBufferObjectTracker$CreateStorageDispatch;J)V+209
j  jogamp.opengl.gl4.GL4bcImpl.glBufferData(IJLjava/nio/Buffer;I)V+67
j  interactive.RenderingCanvas.display(Ljavax/media/opengl/GLAutoDrawable;)V+212
j  jogamp.opengl.GLDrawableHelper.displayImpl(Ljavax/media/opengl/GLAutoDrawable;)V+81
j  jogamp.opengl.GLDrawableHelper.display(Ljavax/media/opengl/GLAutoDrawable;)V+2
j  javax.media.opengl.awt.GLCanvas$10.run()V+118
j  jogamp.opengl.GLDrawableHelper.invokeGLImpl(Ljavax/media/opengl/GLDrawable;Ljavax/media/opengl/GLContext;Ljava/lang/Runnable;Ljava/lang/Runnable;)V+206
j  jogamp.opengl.GLDrawableHelper.invokeGL(Ljavax/media/opengl/GLDrawable;Ljavax/media/opengl/GLContext;Ljava/lang/Runnable;Ljava/lang/Runnable;)V+80
j  javax.media.opengl.awt.GLCanvas$11.run()V+73
j  java.awt.event.InvocationEvent.dispatch()V+11
j  java.awt.EventQueue.dispatchEventImpl(Ljava/awt/AWTEvent;Ljava/lang/Object;)V+21
j  java.awt.EventQueue.access$200(Ljava/awt/EventQueue;Ljava/awt/AWTEvent;Ljava/lang/Object;)V+3
j  java.awt.EventQueue$3.run()Ljava/lang/Void;+12
j  java.awt.EventQueue$3.run()Ljava/lang/Object;+1
v  ~StubRoutines::call_stub
j  java.security.AccessController.doPrivileged(Ljava/security/PrivilegedAction;Ljava/security/AccessControlContext;)Ljava/lang/Object;+0
j  java.security.ProtectionDomain$1.doIntersectionPrivilege(Ljava/security/PrivilegedAction;Ljava/security/AccessControlContext;Ljava/security/AccessControlContext;)Ljava/lang/Object;+28
j  java.awt.EventQueue.dispatchEvent(Ljava/awt/AWTEvent;)V+46
j  java.awt.EventDispatchThread.pumpOneEventForFilters(I)V+245
j  java.awt.EventDispatchThread.pumpEventsForFilter(ILjava/awt/Conditional;Ljava/awt/EventFilter;)V+35
j  java.awt.EventDispatchThread.pumpEventsForHierarchy(ILjava/awt/Conditional;Ljava/awt/Component;)V+11
j  java.awt.EventDispatchThread.pumpEvents(ILjava/awt/Conditional;)V+4
j  java.awt.EventDispatchThread.pumpEvents(Ljava/awt/Conditional;)V+3
j  java.awt.EventDispatchThread.run()V+9
v  ~StubRoutines::call_stub

---------------  P R O C E S S  ---------------

Java Threads: ( => current thread )
  0x0000000002a62800 JavaThread "DestroyJavaVM" [_thread_blocked, id=6888, stack(0x00000000028e0000,0x00000000029e0000)]
  0x00000000179d8000 JavaThread "main-FPSAWTAnimator-Timer0" [_thread_blocked, id=3828, stack(0x000000001b950000,0x000000001ba50000)]
=>0x000000001746d800 JavaThread "AWT-EventQueue-0" [_thread_in_native, id=8252, stack(0x0000000019b40000,0x0000000019c40000)]
  0x000000001746c000 JavaThread "AWT-Shutdown" [_thread_blocked, id=776, stack(0x0000000018580000,0x0000000018680000)]
  0x000000000fd45800 JavaThread "main-SharedResourceRunner" daemon [_thread_blocked, id=2544, stack(0x0000000019760000,0x0000000019860000)]
  0x000000000fcf1800 JavaThread "AWT-Windows" daemon [_thread_in_native, id=2828, stack(0x0000000018230000,0x0000000018330000)]
  0x000000000fabe800 JavaThread "Java2D Disposer" daemon [_thread_blocked, id=4924, stack(0x0000000017f30000,0x0000000018030000)]
  0x0000000017366800 JavaThread "Thread-4" [_thread_in_Java, id=6724, stack(0x0000000017d50000,0x0000000017e50000)]
  0x000000000fb7c800 JavaThread "Thread-3" [_thread_blocked, id=4324, stack(0x0000000017c50000,0x0000000017d50000)]
  0x000000000fb7c000 JavaThread "Thread-2" [_thread_blocked, id=3656, stack(0x0000000017b50000,0x0000000017c50000)]
  0x000000000fafe000 JavaThread "Thread-1" [_thread_blocked, id=8704, stack(0x0000000017250000,0x0000000017350000)]
  0x000000000fa86800 JavaThread "Monitor Ctrl-Break" daemon [_thread_in_native, id=5908, stack(0x00000000103f0000,0x00000000104f0000)]
  0x0000000002b54000 JavaThread "Service Thread" daemon [_thread_blocked, id=484, stack(0x0000000010180000,0x0000000010280000)]
  0x0000000002b53800 JavaThread "C2 CompilerThread1" daemon [_thread_blocked, id=6676, stack(0x0000000010080000,0x0000000010180000)]
  0x0000000002b4f800 JavaThread "C2 CompilerThread0" daemon [_thread_blocked, id=5712, stack(0x000000000ff80000,0x0000000010080000)]
  0x0000000002b4e000 JavaThread "Attach Listener" daemon [_thread_blocked, id=9132, stack(0x000000000fe80000,0x000000000ff80000)]
  0x000000000f9a0800 JavaThread "Signal Dispatcher" daemon [_thread_blocked, id=7744, stack(0x000000000fd80000,0x000000000fe80000)]
  0x000000000d901000 JavaThread "Finalizer" daemon [_thread_blocked, id=8396, stack(0x000000000f880000,0x000000000f980000)]
  0x000000000d8fa800 JavaThread "Reference Handler" daemon [_thread_blocked, id=8760, stack(0x000000000f780000,0x000000000f880000)]

Other Threads:
  0x000000000d8f6000 VMThread [stack: 0x000000000f680000,0x000000000f780000] [id=860]
  0x0000000002b59000 WatcherThread [stack: 0x0000000010280000,0x0000000010380000] [id=5376]

VM state:not at safepoint (normal execution)

VM Mutex/Monitor currently owned by a thread: None

Heap
 PSYoungGen      total 306176K, used 269204K [0x00000007c0000000, 0x00000007e5600000, 0x0000000800000000)
  eden space 262656K, 85% used [0x00000007c0000000,0x00000007cdc74cf8,0x00000007d0080000)
  from space 43520K, 99% used [0x00000007e2b80000,0x00000007e55f06b8,0x00000007e5600000)
  to   space 43520K, 0% used [0x00000007d0080000,0x00000007d0080000,0x00000007d2b00000)
 ParOldGen       total 699392K, used 37880K [0x0000000740000000, 0x000000076ab00000, 0x00000007c0000000)
  object space 699392K, 5% used [0x0000000740000000,0x00000007424fe148,0x000000076ab00000)
 PSPermGen       total 21504K, used 14856K [0x000000073ae00000, 0x000000073c300000, 0x0000000740000000)
  object space 21504K, 69% used [0x000000073ae00000,0x000000073bc823f0,0x000000073c300000)

Card table byte_map: [0x0000000005c20000,0x0000000006250000] byte_map_base: 0x0000000002249000

Polling page: 0x0000000000c60000

Code Cache  [0x0000000002b60000, 0x0000000002dd0000, 0x0000000005b60000)
 total_blobs=946 nmethods=193 adapters=705 free_code_cache=48041Kb largest_free_block=49134784

Compilation events (10 events):
Event: 3.158 Thread 0x0000000002b53800  190             utils.FrustumCuller::isBoxVisible (80 bytes)
Event: 3.161 Thread 0x0000000002b53800 nmethod 190 0x0000000002c5fbd0 code [0x0000000002c5fd20, 0x0000000002c5ff78]
Event: 5.059 Thread 0x0000000002b4f800  191             utils.NormalsCalculator::calculateFrom (558 bytes)
Event: 5.077 Thread 0x0000000002b4f800 nmethod 191 0x0000000002c60510 code [0x0000000002c606c0, 0x0000000002c613b8]
Event: 5.090 Thread 0x0000000002b53800  192             utils.DataInterleaver::mergePositionNormalColour (376 bytes)
Event: 5.092 Thread 0x0000000002b4f800  193             java.util.concurrent.locks.AbstractOwnableSynchronizer::setExclusiveOwnerThread (6 bytes)
Event: 5.092 Thread 0x0000000002b4f800 nmethod 193 0x0000000002c5c690 code [0x0000000002c5c7c0, 0x0000000002c5c838]
Event: 5.156 Thread 0x0000000002b53800 nmethod 192 0x0000000002c74e50 code [0x0000000002c75200, 0x0000000002c77888]
Event: 5.156 Thread 0x0000000002b4f800  194 %           utils.DataInterleaver::mergePositionNormalColour @ 67 (376 bytes)
Event: 5.211 Thread 0x0000000002b4f800 nmethod 194% 0x0000000002c7e990 code [0x0000000002c7ece0, 0x0000000002c81668]

GC Heap History (4 events):
Event: 2.196 GC heap before
{Heap before GC invocations=1 (full 0):
 PSYoungGen      total 306176K, used 262656K [0x00000007c0000000, 0x00000007d5580000, 0x0000000800000000)
  eden space 262656K, 100% used [0x00000007c0000000,0x00000007d0080000,0x00000007d0080000)
  from space 43520K, 0% used [0x00000007d2b00000,0x00000007d2b00000,0x00000007d5580000)
  to   space 43520K, 0% used [0x00000007d0080000,0x00000007d0080000,0x00000007d2b00000)
 ParOldGen       total 699392K, used 0K [0x0000000740000000, 0x000000076ab00000, 0x00000007c0000000)
  object space 699392K, 0% used [0x0000000740000000,0x0000000740000000,0x000000076ab00000)
 PSPermGen       total 21504K, used 14846K [0x000000073ae00000, 0x000000073c300000, 0x0000000740000000)
  object space 21504K, 69% used [0x000000073ae00000,0x000000073bc7f9c0,0x000000073c300000)
Event: 2.219 GC heap after
Heap after GC invocations=1 (full 0):
 PSYoungGen      total 306176K, used 43507K [0x00000007c0000000, 0x00000007e5600000, 0x0000000800000000)
  eden space 262656K, 0% used [0x00000007c0000000,0x00000007c0000000,0x00000007d0080000)
  from space 43520K, 99% used [0x00000007d0080000,0x00000007d2afce00,0x00000007d2b00000)
  to   space 43520K, 0% used [0x00000007e2b80000,0x00000007e2b80000,0x00000007e5600000)
 ParOldGen       total 699392K, used 37872K [0x0000000740000000, 0x000000076ab00000, 0x00000007c0000000)
  object space 699392K, 5% used [0x0000000740000000,0x00000007424fc148,0x000000076ab00000)
 PSPermGen       total 21504K, used 14846K [0x000000073ae00000, 0x000000073c300000, 0x0000000740000000)
  object space 21504K, 69% used [0x000000073ae00000,0x000000073bc7f9c0,0x000000073c300000)
}
Event: 3.907 GC heap before
{Heap before GC invocations=2 (full 0):
 PSYoungGen      total 306176K, used 306163K [0x00000007c0000000, 0x00000007e5600000, 0x0000000800000000)
  eden space 262656K, 100% used [0x00000007c0000000,0x00000007d0080000,0x00000007d0080000)
  from space 43520K, 99% used [0x00000007d0080000,0x00000007d2afce00,0x00000007d2b00000)
  to   space 43520K, 0% used [0x00000007e2b80000,0x00000007e2b80000,0x00000007e5600000)
 ParOldGen       total 699392K, used 37872K [0x0000000740000000, 0x000000076ab00000, 0x00000007c0000000)
  object space 699392K, 5% used [0x0000000740000000,0x00000007424fc148,0x000000076ab00000)
 PSPermGen       total 21504K, used 14849K [0x000000073ae00000, 0x000000073c300000, 0x0000000740000000)
  object space 21504K, 69% used [0x000000073ae00000,0x000000073bc80708,0x000000073c300000)
Event: 3.918 GC heap after
Heap after GC invocations=2 (full 0):
 PSYoungGen      total 306176K, used 43457K [0x00000007c0000000, 0x00000007e5600000, 0x0000000800000000)
  eden space 262656K, 0% used [0x00000007c0000000,0x00000007c0000000,0x00000007d0080000)
  from space 43520K, 99% used [0x00000007e2b80000,0x00000007e55f06b8,0x00000007e5600000)
  to   space 43520K, 0% used [0x00000007d0080000,0x00000007d0080000,0x00000007d2b00000)
 ParOldGen       total 699392K, used 37880K [0x0000000740000000, 0x000000076ab00000, 0x00000007c0000000)
  object space 699392K, 5% used [0x0000000740000000,0x00000007424fe148,0x000000076ab00000)
 PSPermGen       total 21504K, used 14849K [0x000000073ae00000, 0x000000073c300000, 0x0000000740000000)
  object space 21504K, 69% used [0x000000073ae00000,0x000000073bc80708,0x000000073c300000)
}

Deoptimization events (6 events):
Event: 0.145 Thread 0x0000000002a62800 Uncommon trap: reason=null_check action=make_not_entrant pc=0x0000000002bca8d4 method=java.lang.String.equals(Ljava/lang/Object;)Z @ 8
Event: 1.432 Thread 0x000000000fd45800 Uncommon trap: reason=unreached action=reinterpret pc=0x0000000002c1ad04 method=java.lang.Class.searchFields([Ljava/lang/reflect/Field;Ljava/lang/String;)Ljava/lang/reflect/Field; @ 23
Event: 1.851 Thread 0x000000000fb7c000 Uncommon trap: reason=unloaded action=reinterpret pc=0x0000000002c43d64 method=utils.DataInterleaver.mergePositionNormalColour(Ljava/nio/FloatBuffer;Ljava/nio/FloatBuffer;Ljava/nio/ByteBuffer;)Ljava/nio/ByteBuffer; @ 200
Event: 1.855 Thread 0x000000000fb7c800 Uncommon trap: reason=unloaded action=reinterpret pc=0x0000000002c43d64 method=utils.DataInterleaver.mergePositionNormalColour(Ljava/nio/FloatBuffer;Ljava/nio/FloatBuffer;Ljava/nio/ByteBuffer;)Ljava/nio/ByteBuffer; @ 200
Event: 1.855 Thread 0x0000000017366800 Uncommon trap: reason=unloaded action=reinterpret pc=0x0000000002c43d64 method=utils.DataInterleaver.mergePositionNormalColour(Ljava/nio/FloatBuffer;Ljava/nio/FloatBuffer;Ljava/nio/ByteBuffer;)Ljava/nio/ByteBuffer; @ 200
Event: 2.658 Thread 0x00000000179d8000 Uncommon trap: reason=unreached action=reinterpret pc=0x0000000002c3f170 method=java.lang.ThreadLocal.get()Ljava/lang/Object; @ 11

Internal exceptions (10 events):
Event: 1.668 Thread 0x000000001746d800 Threw 0x00000007c4de2db8 at C:\re\jdk7u67\1368\hotspot\src\share\vm\prims\jvm.cpp:1244
Event: 1.668 Thread 0x000000001746d800 Threw 0x00000007c4de73f8 at C:\re\jdk7u67\1368\hotspot\src\share\vm\prims\jvm.cpp:1244
Event: 1.669 Thread 0x000000001746d800 Threw 0x00000007c4df5c68 at C:\re\jdk7u67\1368\hotspot\src\share\vm\prims\jvm.cpp:1244
Event: 1.670 Thread 0x000000001746d800 Threw 0x00000007c4dfb438 at C:\re\jdk7u67\1368\hotspot\src\share\vm\prims\jvm.cpp:1244
Event: 1.671 Thread 0x000000001746d800 Threw 0x00000007c4e00e70 at C:\re\jdk7u67\1368\hotspot\src\share\vm\prims\jvm.cpp:1244
Event: 1.672 Thread 0x000000001746d800 Threw 0x00000007c4e06940 at C:\re\jdk7u67\1368\hotspot\src\share\vm\prims\jvm.cpp:1244
Event: 1.711 Thread 0x000000000fafe000 Threw 0x00000007c178ede0 at C:\re\jdk7u67\1368\hotspot\src\share\vm\prims\jvm.cpp:1244
Event: 1.712 Thread 0x000000000fb7c800 Threw 0x00000007c19a6e80 at C:\re\jdk7u67\1368\hotspot\src\share\vm\prims\jvm.cpp:1244
Event: 1.794 Thread 0x0000000017366800 Threw 0x00000007c92be3f0 at C:\re\jdk7u67\1368\hotspot\src\share\vm\prims\jvm.cpp:1244
Event: 2.658 Thread 0x00000000179d8000 Implicit null exception at 0x0000000002c3f0a4 to 0x0000000002c3f15d

Events (10 events):
Event: 4.061 Executing VM operation: EnableBiasedLocking
Event: 4.061 Executing VM operation: EnableBiasedLocking done
Event: 4.374 Executing VM operation: BulkRevokeBias
Event: 4.374 Executing VM operation: BulkRevokeBias done
Event: 4.707 Executing VM operation: BulkRevokeBias
Event: 4.708 Executing VM operation: BulkRevokeBias done
Event: 5.208 loading class 0x0000000002ae6b00
Event: 5.208 loading class 0x0000000002add7b0
Event: 5.208 loading class 0x0000000002add7b0 done
Event: 5.208 loading class 0x0000000002ae6b00 done


Dynamic libraries:
0x000007f6902d0000 - 0x000007f690303000 	C:\Program Files\Java\jdk1.7.0_67\bin\java.exe
0x000007fefa4e0000 - 0x000007fefa69e000 	C:\Windows\SYSTEM32\ntdll.dll
0x000007fef8dd0000 - 0x000007fef8f07000 	C:\Windows\system32\KERNEL32.DLL
0x000007fef76b0000 - 0x000007fef77a4000 	C:\Windows\system32\KERNELBASE.dll
0x000007fef8f10000 - 0x000007fef8fee000 	C:\Windows\system32\ADVAPI32.dll
0x000007fef8990000 - 0x000007fef8adc000 	C:\Windows\system32\USER32.dll
0x000007fef5050000 - 0x000007fef52ba000 	C:\Windows\WinSxS\amd64_microsoft.windows.common-controls_6595b64144ccf1df_6.0.9200.16579_none_418ab7ef718b27ef\COMCTL32.dll
0x000007fef8110000 - 0x000007fef81b5000 	C:\Windows\system32\msvcrt.dll
0x000007fef7cf0000 - 0x000007fef7d38000 	C:\Windows\SYSTEM32\sechost.dll
0x000007fef8840000 - 0x000007fef8985000 	C:\Windows\system32\RPCRT4.dll
0x000007fef8440000 - 0x000007fef8581000 	C:\Windows\system32\GDI32.dll
0x000007fef7ca0000 - 0x000007fef7cd9000 	C:\Windows\system32\IMM32.DLL
0x000007fef8670000 - 0x000007fef8786000 	C:\Windows\system32\MSCTF.dll
0x000007fef7320000 - 0x000007fef734f000 	C:\Windows\system32\nvinitx.dll
0x000000000f000000 - 0x000000000f006000 	C:\Program Files\NVIDIA Corporation\CoProcManager\_etoured.dll
0x000007fef4f60000 - 0x000007fef4f93000 	C:\Program Files\NVIDIA Corporation\CoProcManager\nvd3d9wrapx.dll
0x000007fef7ee0000 - 0x000007fef80b0000 	C:\Windows\system32\SETUPAPI.dll
0x000007fef7660000 - 0x000007fef76af000 	C:\Windows\system32\CFGMGR32.dll
0x000007fef7430000 - 0x000007fef7452000 	C:\Windows\system32\DEVOBJ.dll
0x000007fef4f20000 - 0x000007fef4f43000 	C:\Program Files\NVIDIA Corporation\CoProcManager\nvdxgiwrapx.dll
0x000000006ed00000 - 0x000000006edd2000 	C:\Program Files\Java\jdk1.7.0_67\jre\bin\msvcr100.dll
0x000000006e520000 - 0x000000006ecf2000 	C:\Program Files\Java\jdk1.7.0_67\jre\bin\server\jvm.dll
0x000007fef3300000 - 0x000007fef3309000 	C:\Windows\SYSTEM32\WSOCK32.dll
0x000007fef4900000 - 0x000007fef4920000 	C:\Windows\SYSTEM32\WINMM.dll
0x000007fef8210000 - 0x000007fef8217000 	C:\Windows\system32\PSAPI.DLL
0x000007fef80b0000 - 0x000007fef8108000 	C:\Windows\system32\WS2_32.dll
0x000007fef4870000 - 0x000007fef48a3000 	C:\Windows\SYSTEM32\WINMMBASE.dll
0x000007fef83a0000 - 0x000007fef83a9000 	C:\Windows\system32\NSI.dll
0x000000006f3c0000 - 0x000000006f3cf000 	C:\Program Files\Java\jdk1.7.0_67\jre\bin\verify.dll
0x000000006ee90000 - 0x000000006eeb8000 	C:\Program Files\Java\jdk1.7.0_67\jre\bin\java.dll
0x000000006ee70000 - 0x000000006ee85000 	C:\Program Files\Java\jdk1.7.0_67\jre\bin\zip.dll
0x000007fef4f10000 - 0x000007fef4f20000 	C:\Program Files (x86)\JetBrains\IntelliJ IDEA Community Edition 13.1.4\bin\breakgen64.dll
0x000000006ee50000 - 0x000000006ee69000 	C:\Program Files\Java\jdk1.7.0_67\jre\bin\net.dll
0x000007fef6b80000 - 0x000007fef6bdc000 	C:\Windows\system32\mswsock.dll
0x000000006ee30000 - 0x000000006ee41000 	C:\Program Files\Java\jdk1.7.0_67\jre\bin\nio.dll
0x000000006e380000 - 0x000000006e515000 	C:\Program Files\Java\jdk1.7.0_67\jre\bin\awt.dll
0x000007fef8590000 - 0x000007fef8653000 	C:\Windows\system32\OLEAUT32.dll
0x000007fef78c0000 - 0x000007fef7a70000 	C:\Windows\system32\combase.dll
0x000007fef1310000 - 0x000007fef13af000 	C:\Windows\system32\apphelp.dll
0x000000006e330000 - 0x000000006e377000 	C:\Program Files\Java\jdk1.7.0_67\jre\bin\fontmanager.dll
0x000007fef6be0000 - 0x000007fef6bfa000 	C:\Windows\SYSTEM32\CRYPTSP.dll
0x000007fef6880000 - 0x000007fef68cb000 	C:\Windows\system32\rsaenh.dll
0x000007fef7460000 - 0x000007fef747f000 	C:\Windows\system32\USERENV.dll
0x000007fef7410000 - 0x000007fef7425000 	C:\Windows\system32\profapi.dll
0x000007fef7250000 - 0x000007fef725a000 	C:\Windows\SYSTEM32\CRYPTBASE.dll
0x000007fef71f0000 - 0x000007fef724c000 	C:\Windows\SYSTEM32\bcryptPrimitives.dll
0x000007fef0940000 - 0x000007fef096a000 	C:\Windows\SYSTEM32\IPHLPAPI.DLL
0x000007fef0930000 - 0x000007fef093a000 	C:\Windows\SYSTEM32\WINNSI.DLL
0x000007fef0450000 - 0x000007fef0463000 	C:\Windows\SYSTEM32\dhcpcsvc6.DLL
0x000007fef04a0000 - 0x000007fef04b8000 	C:\Windows\SYSTEM32\dhcpcsvc.DLL
0x00000000637c0000 - 0x00000000637cd000 	C:\Users\Justin\AppData\Local\Temp\jogamp_0000\file_cache\jln3918962304390339387\jln1862972332139415920\gluegen-rt.dll
0x000007fef6130000 - 0x000007fef6216000 	C:\Windows\system32\uxtheme.dll
0x000007fef2f60000 - 0x000007fef30d3000 	C:\Program Files (x86)\Stardock\Start8\Start8_64.dll
0x000007fef5970000 - 0x000007fef5991000 	C:\Windows\SYSTEM32\dwmapi.dll
0x000007fef8220000 - 0x000007fef839e000 	C:\Windows\system32\ole32.dll
0x000000006f3b0000 - 0x000000006f3b7000 	C:\Program Files\Java\jdk1.7.0_67\jre\bin\jawt.dll
0x000000006a440000 - 0x000000006a44d000 	C:\Users\Justin\AppData\Local\Temp\jogamp_0000\file_cache\jln3918962304390339387\jln1862972332139415920\nativewindow_awt.dll
0x000007fef9200000 - 0x000007fefa4e0000 	C:\Windows\system32\SHELL32.dll
0x000007fef81c0000 - 0x000007fef8210000 	C:\Windows\system32\SHLWAPI.dll
0x000007fef6510000 - 0x000007fef65a5000 	C:\Windows\SYSTEM32\shcore.dll
0x000000006c100000 - 0x000000006c10f000 	C:\Users\Justin\AppData\Local\Temp\jogamp_0000\file_cache\jln3918962304390339387\jln1862972332139415920\nativewindow_win32.dll
0x000007fef14d0000 - 0x000007fef15ef000 	C:\Windows\SYSTEM32\OpenGL32.dll
0x000007fef3230000 - 0x000007fef325c000 	C:\Windows\SYSTEM32\GLU32.dll
0x000007fef1070000 - 0x000007fef115a000 	C:\Windows\SYSTEM32\DDRAW.dll
0x000007fef36c0000 - 0x000007fef36c8000 	C:\Windows\SYSTEM32\DCIMAN32.dll
0x0000000064500000 - 0x00000000645a0000 	C:\Users\Justin\AppData\Local\Temp\jogamp_0000\file_cache\jln3918962304390339387\jln1862972332139415920\jogl_desktop.dll
0x000007fef7860000 - 0x000007fef78b5000 	C:\Windows\system32\WINTRUST.dll
0x0000000019960000 - 0x0000000019b31000 	C:\Windows\system32\CRYPT32.dll
0x000007fef73f0000 - 0x000007fef7406000 	C:\Windows\system32\MSASN1.dll
0x000000006c4e0000 - 0x000000006e326000 	C:\Windows\SYSTEM32\nvoglv64.DLL
0x000007fef4920000 - 0x000007fef4929000 	C:\Windows\SYSTEM32\VERSION.dll
0x000007fef6e10000 - 0x000007fef6e21000 	C:\Windows\SYSTEM32\WTSAPI32.dll
0x000007fef5aa0000 - 0x000007fef5ace000 	C:\Windows\SYSTEM32\ntmarta.dll
0x000007fef6ec0000 - 0x000007fef6f03000 	C:\Windows\SYSTEM32\powrprof.dll
0x000007fef6e30000 - 0x000007fef6e7e000 	C:\Windows\SYSTEM32\WINSTA.dll
0x000007fedf410000 - 0x000007fee04fd000 	C:\Windows\system32\igd10iumd64.dll
0x000007fef6de0000 - 0x000007fef6e05000 	C:\Windows\SYSTEM32\bcrypt.dll
0x000007fef6db0000 - 0x000007fef6dd7000 	C:\Windows\SYSTEM32\ncrypt.dll
0x000007fef6d70000 - 0x000007fef6da5000 	C:\Windows\SYSTEM32\NTASN1.dll
0x000007feea150000 - 0x000007feea5b0000 	C:\Windows\SYSTEM32\igdusc64.dll
0x000007fef0c00000 - 0x000007fef0d63000 	C:\Windows\SYSTEM32\dbghelp.dll

VM Arguments:
jvm_args: -Xms1G -Xmx3G -Didea.launcher.port=7540 -Didea.launcher.bin.path=C:\Program Files (x86)\JetBrains\IntelliJ IDEA Community Edition 13.1.4\bin -Dfile.encoding=UTF-8 
java_command: com.intellij.rt.execution.application.AppMain interactive.ViewingClient E:\My Documents\University\CSC4000W\Project\Models\Cleaned\Gede Palace-colour.phf
Launcher Type: SUN_STANDARD

Environment Variables:
PATH=C:\ProgramData\Oracle\Java\javapath;C:\Program Files (x86)\NVIDIA Corporation\PhysX\Common;C:\Windows\system32;C:\Windows;C:\Windows\System32\Wbem;C:\Windows\System32\WindowsPowerShell\v1.0\
USERNAME=Justin
OS=Windows_NT
PROCESSOR_IDENTIFIER=Intel64 Family 6 Model 58 Stepping 9, GenuineIntel



---------------  S Y S T E M  ---------------

OS: Windows 8 , 64 bit Build 9200 

CPU:total 8 (4 cores per cpu, 2 threads per core) family 6 model 58 stepping 9, cmov, cx8, fxsr, mmx, sse, sse2, sse3, ssse3, sse4.1, sse4.2, popcnt, avx, aes, erms, ht, tsc, tscinvbit, tscinv

Memory: 4k page, physical 8271408k(4446548k free), swap 12357552k(6942552k free)

vm_info: Java HotSpot(TM) 64-Bit Server VM (24.65-b04) for windows-amd64 JRE (1.7.0_67-b01), built on Jul 25 2014 08:55:00 by "java_re" with unknown MS VC++:1600

time: Fri Sep 26 18:16:55 2014
elapsed time: 5 seconds

